<?xml version="1.0" encoding="UTF-8"?>
<!-- Generated by org.testng.reporters.JUnitReportReporter -->
<testsuite hostname="BLR1-LMAC-N60826.local" failures="0" tests="1" name="kaplan_tests.ListDemoTest" time="22.217" errors="0" timestamp="2021-02-23T21:51:02 IST" skipped="0">
  <testcase classname="kaplan_tests.ListDemoTest" name="LIST_DEMO_TEST" time="22.217"/>
  <system-out/>
</testsuite> <!-- kaplan_tests.ListDemoTest -->
